2026-03-27 15:34:50,791 The program was called with this parameters ['19', '20']
2026-03-27 15:34:50,791 First parameter is 19
2026-03-27 15:34:50,792 You are an adult
2026-03-27 15:35:04,326 The program was called with this parameters ['1']
2026-03-27 15:35:04,326 First parameter is 1
2026-03-27 15:35:04,326 You are a kiddo!
2026-03-27 17:09:02,222 The program was called with this parameters []
2026-03-27 17:09:08,109 The program was called with this parameters ['15']
2026-03-27 17:09:08,109 First parameter is 15
2026-03-27 17:09:08,109 You are a kiddo!
2026-03-27 17:09:22,604 The program was called with this parameters ['Jan', 'Maria', 'Rokita']
2026-03-27 17:09:22,604 First parameter is Jan
2026-03-27 17:09:33,440 The program was called with this parameters ['20']
2026-03-27 17:09:33,443 First parameter is 20
2026-03-27 17:09:33,443 You are an adult
2026-03-29 19:39:14,322 The program was called with this parameters ['90'] root 
2026-03-29 19:39:14,322 First parameter is 90 root 
2026-03-29 19:39:14,322 You are an adult root 
2026-03-29 19:41:51,365 | DEBUG | root | The program was called with this parameters ['5']
2026-03-29 19:41:51,365 | DEBUG | root | First parameter is 5
2026-03-29 19:41:51,366 | INFO | root | You are a kiddo!
